americanas
downloading 001 document
http://www.americanas.com.br/AcomLine/596/19871
/home/iamjabour/workspacePessoal/tese/sources/python/anotador/comercioeletronico/download/americanas/596.19871

downloading 002 document
http://www.americanas.com.br/AcomLine/596/49452
/home/iamjabour/workspacePessoal/tese/sources/python/anotador/comercioeletronico/download/americanas/596.49452

downloading 003 document
http://www.americanas.com.br/AcomLine/8936/17739
/home/iamjabour/workspacePessoal/tese/sources/python/anotador/comercioeletronico/download/americanas/8936.17739

downloading 004 document
http://www.americanas.com.br/AcomLine/8936/8937
/home/iamjabour/workspacePessoal/tese/sources/python/anotador/comercioeletronico/download/americanas/8936.8937

downloading 005 document
http://www.americanas.com.br/AcomLine/8936/44199
/home/iamjabour/workspacePessoal/tese/sources/python/anotador/comercioeletronico/download/americanas/8936.44199

downloading 006 document
http://www.americanas.com.br/AcomLine/8936/43880
/home/iamjabour/workspacePessoal/tese/sources/python/anotador/comercioeletronico/download/americanas/8936.43880

downloading 007 document
http://www.americanas.com.br/AcomLine/8936/8994
/home/iamjabour/workspacePessoal/tese/sources/python/anotador/comercioeletronico/download/americanas/8936.8994

downloading 008 document
http://www.americanas.com.br/AcomLine/8936/8995
/home/iamjabour/workspacePessoal/tese/sources/python/anotador/comercioeletronico/download/americanas/8936.8995

downloading 009 document
http://www.americanas.com.br/AcomLine/8936/47611
/home/iamjabour/workspacePessoal/tese/sources/python/anotador/comercioeletronico/download/americanas/8936.47611

downloading 010 document
http://www.americanas.com.br/AcomLine/8936/13716
/home/iamjabour/workspacePessoal/tese/sources/python/anotador/comercioeletronico/download/americanas/8936.13716

downloading 011 document
http://www.americanas.com.br/AcomLine/8936/49039
/home/iamjabour/workspacePessoal/tese/sources/python/anotador/comercioeletronico/download/americanas/8936.49039

downloading 012 document
http://www.americanas.com.br/AcomLine/8936/8991
/home/iamjabour/workspacePessoal/tese/sources/python/anotador/comercioeletronico/download/americanas/8936.8991

downloading 013 document
http://www.americanas.com.br/AcomLine/8936/8992
/home/iamjabour/workspacePessoal/tese/sources/python/anotador/comercioeletronico/download/americanas/8936.8992

downloading 014 document
http://www.americanas.com.br/AcomLine/8936/8996
/home/iamjabour/workspacePessoal/tese/sources/python/anotador/comercioeletronico/download/americanas/8936.8996

downloading 015 document
http://www.americanas.com.br/AcomLine/8936/8938
/home/iamjabour/workspacePessoal/tese/sources/python/anotador/comercioeletronico/download/americanas/8936.8938

downloading 016 document
http://www.americanas.com.br/AcomLine/8936/49578
/home/iamjabour/workspacePessoal/tese/sources/python/anotador/comercioeletronico/download/americanas/8936.49578

downloading 017 document
http://www.americanas.com.br/AcomLine/8936/51122
/home/iamjabour/workspacePessoal/tese/sources/python/anotador/comercioeletronico/download/americanas/8936.51122

downloading 018 document
http://www.americanas.com.br/AcomLine/8936/47610
/home/iamjabour/workspacePessoal/tese/sources/python/anotador/comercioeletronico/download/americanas/8936.47610

downloading 019 document
http://www.americanas.com.br/AcomLine/8936/44293
/home/iamjabour/workspacePessoal/tese/sources/python/anotador/comercioeletronico/download/americanas/8936.44293

downloading 020 document
http://www.americanas.com.br/AcomLine/8936/43966
/home/iamjabour/workspacePessoal/tese/sources/python/anotador/comercioeletronico/download/americanas/8936.43966

downloading 021 document
http://www.americanas.com.br/AcomLine/8936/54143
/home/iamjabour/workspacePessoal/tese/sources/python/anotador/comercioeletronico/download/americanas/8936.54143

downloading 022 document
http://www.americanas.com.br/AcomLine/8936/45446
/home/iamjabour/workspacePessoal/tese/sources/python/anotador/comercioeletronico/download/americanas/8936.45446

downloading 023 document
http://www.americanas.com.br/AcomLine/8936/46028
/home/iamjabour/workspacePessoal/tese/sources/python/anotador/comercioeletronico/download/americanas/8936.46028

downloading 024 document
http://www.americanas.com.br/AcomLine/8936/66955
/home/iamjabour/workspacePessoal/tese/sources/python/anotador/comercioeletronico/download/americanas/8936.66955

downloading 025 document
http://www.americanas.com.br/AcomLine/8936/10860
/home/iamjabour/workspacePessoal/tese/sources/python/anotador/comercioeletronico/download/americanas/8936.10860

downloading 026 document
http://www.americanas.com.br/AcomLine/8936/12109
/home/iamjabour/workspacePessoal/tese/sources/python/anotador/comercioeletronico/download/americanas/8936.12109

downloading 027 document
http://www.americanas.com.br/AcomLine/8936/13718
/home/iamjabour/workspacePessoal/tese/sources/python/anotador/comercioeletronico/download/americanas/8936.13718

downloading 028 document
http://www.americanas.com.br/AcomLine/8936/13896
/home/iamjabour/workspacePessoal/tese/sources/python/anotador/comercioeletronico/download/americanas/8936.13896

downloading 029 document
http://www.americanas.com.br/AcomLine/8936/59364
/home/iamjabour/workspacePessoal/tese/sources/python/anotador/comercioeletronico/download/americanas/8936.59364

downloading 030 document
http://www.americanas.com.br/AcomLine/8936/43965
/home/iamjabour/workspacePessoal/tese/sources/python/anotador/comercioeletronico/download/americanas/8936.43965

downloading 031 document
http://www.americanas.com.br/AcomLine/8936/18912
/home/iamjabour/workspacePessoal/tese/sources/python/anotador/comercioeletronico/download/americanas/8936.18912

downloading 032 document
http://www.americanas.com.br/AcomLine/8936/19231
/home/iamjabour/workspacePessoal/tese/sources/python/anotador/comercioeletronico/download/americanas/8936.19231

downloading 033 document
http://www.americanas.com.br/AcomLine/8936/19287
/home/iamjabour/workspacePessoal/tese/sources/python/anotador/comercioeletronico/download/americanas/8936.19287

downloading 034 document
http://www.americanas.com.br/AcomLine/8936/8998
/home/iamjabour/workspacePessoal/tese/sources/python/anotador/comercioeletronico/download/americanas/8936.8998

downloading 035 document
http://www.americanas.com.br/AcomLine/8936/71205
/home/iamjabour/workspacePessoal/tese/sources/python/anotador/comercioeletronico/download/americanas/8936.71205

downloading 036 document
http://www.americanas.com.br/AcomLine/8936/58645
/home/iamjabour/workspacePessoal/tese/sources/python/anotador/comercioeletronico/download/americanas/8936.58645

downloading 037 document
http://www.americanas.com.br/AcomLine/8936/58940
/home/iamjabour/workspacePessoal/tese/sources/python/anotador/comercioeletronico/download/americanas/8936.58940

downloading 038 document
http://www.americanas.com.br/AcomLine/8936/32091
/home/iamjabour/workspacePessoal/tese/sources/python/anotador/comercioeletronico/download/americanas/8936.32091

downloading 039 document
http://www.americanas.com.br/AcomLine/8936/45445
/home/iamjabour/workspacePessoal/tese/sources/python/anotador/comercioeletronico/download/americanas/8936.45445

downloading 040 document
http://www.americanas.com.br/AcomLine/8936/58958
/home/iamjabour/workspacePessoal/tese/sources/python/anotador/comercioeletronico/download/americanas/8936.58958

downloading 041 document
http://www.americanas.com.br/AcomLine/8936/58943
/home/iamjabour/workspacePessoal/tese/sources/python/anotador/comercioeletronico/download/americanas/8936.58943

downloading 042 document
http://www.americanas.com.br/AcomLine/8936/44132
/home/iamjabour/workspacePessoal/tese/sources/python/anotador/comercioeletronico/download/americanas/8936.44132

downloading 043 document
http://www.americanas.com.br/AcomLine/8936/69628
/home/iamjabour/workspacePessoal/tese/sources/python/anotador/comercioeletronico/download/americanas/8936.69628

downloading 044 document
http://www.americanas.com.br/AcomLine/8936/13719
/home/iamjabour/workspacePessoal/tese/sources/python/anotador/comercioeletronico/download/americanas/8936.13719

downloading 045 document
http://www.americanas.com.br/AcomLine/8936/58578
/home/iamjabour/workspacePessoal/tese/sources/python/anotador/comercioeletronico/download/americanas/8936.58578

downloading 046 document
http://www.americanas.com.br/AcomLine/8936/49874
/home/iamjabour/workspacePessoal/tese/sources/python/anotador/comercioeletronico/download/americanas/8936.49874

downloading 047 document
http://www.americanas.com.br/AcomLine/8936/13895
/home/iamjabour/workspacePessoal/tese/sources/python/anotador/comercioeletronico/download/americanas/8936.13895

downloading 048 document
http://www.americanas.com.br/AcomLine/8936/43647
/home/iamjabour/workspacePessoal/tese/sources/python/anotador/comercioeletronico/download/americanas/8936.43647

downloading 049 document
http://www.americanas.com.br/AcomLine/8936/58582
/home/iamjabour/workspacePessoal/tese/sources/python/anotador/comercioeletronico/download/americanas/8936.58582

downloading 050 document
http://www.americanas.com.br/hsl/7194/17279
/home/iamjabour/workspacePessoal/tese/sources/python/anotador/comercioeletronico/download/americanas/7194.17279

downloading 051 document
http://www.americanas.com.br/hsl/7751/34924
/home/iamjabour/workspacePessoal/tese/sources/python/anotador/comercioeletronico/download/americanas/7751.34924

downloading 052 document
http://www.americanas.com.br/hsl/8457/38244?chave=auto_marca_dvd
/home/iamjabour/workspacePessoal/tese/sources/python/anotador/comercioeletronico/download/americanas/8457.38244?chave=auto_marca_dvd

downloading 053 document
http://www.americanas.com.br/AcomLine/17278/34924
/home/iamjabour/workspacePessoal/tese/sources/python/anotador/comercioeletronico/download/americanas/17278.34924

downloading 054 document
http://www.americanas.com.br/AcomLine/17278/38242
/home/iamjabour/workspacePessoal/tese/sources/python/anotador/comercioeletronico/download/americanas/17278.38242

downloading 055 document
http://www.americanas.com.br/AcomLine/17278/38243
/home/iamjabour/workspacePessoal/tese/sources/python/anotador/comercioeletronico/download/americanas/17278.38243

downloading 056 document
http://www.americanas.com.br/AcomLine/17278/38244
/home/iamjabour/workspacePessoal/tese/sources/python/anotador/comercioeletronico/download/americanas/17278.38244

downloading 057 document
http://www.americanas.com.br/AcomLine/17278/17279
/home/iamjabour/workspacePessoal/tese/sources/python/anotador/comercioeletronico/download/americanas/17278.17279

downloading 058 document
http://www.americanas.com.br/AcomLine/17278/65019
/home/iamjabour/workspacePessoal/tese/sources/python/anotador/comercioeletronico/download/americanas/17278.65019

downloading 059 document
http://www.americanas.com.br/AcomLine/17278/37708
/home/iamjabour/workspacePessoal/tese/sources/python/anotador/comercioeletronico/download/americanas/17278.37708

downloading 060 document
http://www.americanas.com.br/AcomLine/17278/41965
/home/iamjabour/workspacePessoal/tese/sources/python/anotador/comercioeletronico/download/americanas/17278.41965

downloading 061 document
http://www.americanas.com.br/AcomLine/17278/38263
/home/iamjabour/workspacePessoal/tese/sources/python/anotador/comercioeletronico/download/americanas/17278.38263

downloading 062 document
http://www.americanas.com.br/AcomLine/17278/38285
/home/iamjabour/workspacePessoal/tese/sources/python/anotador/comercioeletronico/download/americanas/17278.38285

downloading 063 document
http://www.americanas.com.br/AcomLine/17278/42788
/home/iamjabour/workspacePessoal/tese/sources/python/anotador/comercioeletronico/download/americanas/17278.42788

downloading 064 document
http://www.americanas.com.br/AcomLine/17278/37709
/home/iamjabour/workspacePessoal/tese/sources/python/anotador/comercioeletronico/download/americanas/17278.37709

downloading 065 document
http://www.americanas.com.br/AcomLine/17278/50980
/home/iamjabour/workspacePessoal/tese/sources/python/anotador/comercioeletronico/download/americanas/17278.50980

downloading 066 document
http://www.americanas.com.br/AcomLine/17278/17282
/home/iamjabour/workspacePessoal/tese/sources/python/anotador/comercioeletronico/download/americanas/17278.17282

downloading 067 document
http://www.americanas.com.br/AcomLine/17278/47519
/home/iamjabour/workspacePessoal/tese/sources/python/anotador/comercioeletronico/download/americanas/17278.47519

downloading 068 document
http://www.americanas.com.br/AcomLine/17278/47515
/home/iamjabour/workspacePessoal/tese/sources/python/anotador/comercioeletronico/download/americanas/17278.47515

downloading 069 document
http://www.americanas.com.br/AcomLine/17278/41488
/home/iamjabour/workspacePessoal/tese/sources/python/anotador/comercioeletronico/download/americanas/17278.41488

downloading 070 document
http://www.americanas.com.br/AcomLine/17278/43761
/home/iamjabour/workspacePessoal/tese/sources/python/anotador/comercioeletronico/download/americanas/17278.43761

downloading 071 document
http://www.americanas.com.br/AcomLine/17278/42150
/home/iamjabour/workspacePessoal/tese/sources/python/anotador/comercioeletronico/download/americanas/17278.42150

downloading 072 document
http://www.americanas.com.br/AcomLine/17278/17293
/home/iamjabour/workspacePessoal/tese/sources/python/anotador/comercioeletronico/download/americanas/17278.17293

downloading 073 document
http://www.americanas.com.br/AcomLine/17278/38267
/home/iamjabour/workspacePessoal/tese/sources/python/anotador/comercioeletronico/download/americanas/17278.38267

downloading 074 document
http://www.americanas.com.br/AcomLine/17278/18207
/home/iamjabour/workspacePessoal/tese/sources/python/anotador/comercioeletronico/download/americanas/17278.18207

downloading 075 document
http://www.americanas.com.br/AcomLine/17278/17292
/home/iamjabour/workspacePessoal/tese/sources/python/anotador/comercioeletronico/download/americanas/17278.17292

downloading 076 document
http://www.americanas.com.br/AcomLine/17278/17294
/home/iamjabour/workspacePessoal/tese/sources/python/anotador/comercioeletronico/download/americanas/17278.17294

downloading 077 document
http://www.americanas.com.br/AcomLine/17278/38277
/home/iamjabour/workspacePessoal/tese/sources/python/anotador/comercioeletronico/download/americanas/17278.38277

downloading 078 document
http://www.americanas.com.br/AcomLine/17278/21664
/home/iamjabour/workspacePessoal/tese/sources/python/anotador/comercioeletronico/download/americanas/17278.21664

downloading 079 document
http://www.americanas.com.br/AcomLine/17278/37856
/home/iamjabour/workspacePessoal/tese/sources/python/anotador/comercioeletronico/download/americanas/17278.37856

downloading 080 document
http://www.americanas.com.br/AcomLine/17278/23146
/home/iamjabour/workspacePessoal/tese/sources/python/anotador/comercioeletronico/download/americanas/17278.23146

downloading 081 document
http://www.americanas.com.br/AcomLine/594/14056http://www.americanas.com.br/AcomLine/594/14056
/home/iamjabour/workspacePessoal/tese/sources/python/anotador/comercioeletronico/download/americanas/594.14056http://www.americanas.com.br/AcomLine/594/14056

ERROR: Documento não foi pego no wget: /home/iamjabour/workspacePessoal/tese/sources/python/anotador/comercioeletronico/download/americanas/594.14056http://www.americanas.com.br/AcomLine/594/14056

downloading 082 document
http://www.americanas.com.br/hs/7175?chave=bb_marca_PresIdade
/home/iamjabour/workspacePessoal/tese/sources/python/anotador/comercioeletronico/download/americanas/7175?chave=bb_marca_PresIdade

downloading 083 document
http://www.americanas.com.br/AcomLine/594/14060
/home/iamjabour/workspacePessoal/tese/sources/python/anotador/comercioeletronico/download/americanas/594.14060

downloading 084 document
http://www.americanas.com.br/AcomLine/594/14039
/home/iamjabour/workspacePessoal/tese/sources/python/anotador/comercioeletronico/download/americanas/594.14039

downloading 085 document
http://www.americanas.com.br/hs/9117
/home/iamjabour/workspacePessoal/tese/sources/python/anotador/comercioeletronico/download/americanas/9117

downloading 086 document
http://www.americanas.com.br/AcomLine/594/14059
/home/iamjabour/workspacePessoal/tese/sources/python/anotador/comercioeletronico/download/americanas/594.14059

downloading 087 document
http://www.americanas.com.br/AcomLine/594/14015
/home/iamjabour/workspacePessoal/tese/sources/python/anotador/comercioeletronico/download/americanas/594.14015

downloading 088 document
http://www.americanas.com.br/AcomLine/594/14017
/home/iamjabour/workspacePessoal/tese/sources/python/anotador/comercioeletronico/download/americanas/594.14017

downloading 089 document
http://www.americanas.com.br/AcomLine/594/14018
/home/iamjabour/workspacePessoal/tese/sources/python/anotador/comercioeletronico/download/americanas/594.14018

downloading 090 document
http://www.americanas.com.br/AcomLine/594/14023
/home/iamjabour/workspacePessoal/tese/sources/python/anotador/comercioeletronico/download/americanas/594.14023

downloading 091 document
http://www.americanas.com.br/AcomLine/594/14024
/home/iamjabour/workspacePessoal/tese/sources/python/anotador/comercioeletronico/download/americanas/594.14024

downloading 092 document
http://www.americanas.com.br/AcomLine/594/14025
/home/iamjabour/workspacePessoal/tese/sources/python/anotador/comercioeletronico/download/americanas/594.14025

downloading 093 document
http://www.americanas.com.br/AcomLine/594/748
/home/iamjabour/workspacePessoal/tese/sources/python/anotador/comercioeletronico/download/americanas/594.748

downloading 094 document
http://www.americanas.com.br/AcomLine/594/35764
/home/iamjabour/workspacePessoal/tese/sources/python/anotador/comercioeletronico/download/americanas/594.35764

downloading 095 document
http://www.americanas.com.br/AcomLine/594/14030
/home/iamjabour/workspacePessoal/tese/sources/python/anotador/comercioeletronico/download/americanas/594.14030

downloading 096 document
http://www.americanas.com.br/AcomLine/594/38359
/home/iamjabour/workspacePessoal/tese/sources/python/anotador/comercioeletronico/download/americanas/594.38359

downloading 097 document
http://www.americanas.com.br/AcomLine/594/14032
/home/iamjabour/workspacePessoal/tese/sources/python/anotador/comercioeletronico/download/americanas/594.14032

downloading 098 document
http://www.americanas.com.br/AcomLine/594/14033
/home/iamjabour/workspacePessoal/tese/sources/python/anotador/comercioeletronico/download/americanas/594.14033

downloading 099 document
http://www.americanas.com.br/AcomLine/594/14036
/home/iamjabour/workspacePessoal/tese/sources/python/anotador/comercioeletronico/download/americanas/594.14036

downloading 100 document
http://www.americanas.com.br/AcomLine/594/14035
/home/iamjabour/workspacePessoal/tese/sources/python/anotador/comercioeletronico/download/americanas/594.14035

downloading 101 document
http://www.americanas.com.br/AcomLine/594/37410
/home/iamjabour/workspacePessoal/tese/sources/python/anotador/comercioeletronico/download/americanas/594.37410

downloading 102 document
http://www.americanas.com.br/AcomLine/594/14059

ERROR: Documento ja faz parte do corpus: http://www.americanas.com.br/AcomLine/594/14059

downloading 103 document
http://www.americanas.com.br/AcomLine/594/35320
/home/iamjabour/workspacePessoal/tese/sources/python/anotador/comercioeletronico/download/americanas/594.35320

downloading 104 document
http://www.americanas.com.br/AcomLine/594/14038
/home/iamjabour/workspacePessoal/tese/sources/python/anotador/comercioeletronico/download/americanas/594.14038

downloading 105 document
http://www.americanas.com.br/AcomLine/594/14041
/home/iamjabour/workspacePessoal/tese/sources/python/anotador/comercioeletronico/download/americanas/594.14041

downloading 106 document
http://www.americanas.com.br/AcomLine/594/14039

ERROR: Documento ja faz parte do corpus: http://www.americanas.com.br/AcomLine/594/14039

downloading 107 document
http://www.americanas.com.br/AcomLine/594/14046
/home/iamjabour/workspacePessoal/tese/sources/python/anotador/comercioeletronico/download/americanas/594.14046

downloading 108 document
http://www.americanas.com.br/AcomLine/594/14044
/home/iamjabour/workspacePessoal/tese/sources/python/anotador/comercioeletronico/download/americanas/594.14044

downloading 109 document
http://www.americanas.com.br/AcomLine/594/14049
/home/iamjabour/workspacePessoal/tese/sources/python/anotador/comercioeletronico/download/americanas/594.14049

downloading 110 document
http://www.americanas.com.br/AcomLine/594/9210
/home/iamjabour/workspacePessoal/tese/sources/python/anotador/comercioeletronico/download/americanas/594.9210

downloading 111 document
http://www.americanas.com.br/AcomLine/594/14053
/home/iamjabour/workspacePessoal/tese/sources/python/anotador/comercioeletronico/download/americanas/594.14053

downloading 112 document
http://www.americanas.com.br/AcomLine/594/14054
/home/iamjabour/workspacePessoal/tese/sources/python/anotador/comercioeletronico/download/americanas/594.14054

downloading 113 document
http://www.americanas.com.br/AcomLine/594/14055
/home/iamjabour/workspacePessoal/tese/sources/python/anotador/comercioeletronico/download/americanas/594.14055

downloading 114 document
http://www.americanas.com.br/AcomLine/594/28619
/home/iamjabour/workspacePessoal/tese/sources/python/anotador/comercioeletronico/download/americanas/594.28619

downloading 115 document
http://www.americanas.com.br/AcomLine/594/37314
/home/iamjabour/workspacePessoal/tese/sources/python/anotador/comercioeletronico/download/americanas/594.37314

downloading 116 document
http://www.americanas.com.br/AcomLine/594/14056
/home/iamjabour/workspacePessoal/tese/sources/python/anotador/comercioeletronico/download/americanas/594.14056

downloading 117 document
http://www.americanas.com.br/AcomLine/594/14060

ERROR: Documento ja faz parte do corpus: http://www.americanas.com.br/AcomLine/594/14060

downloading 118 document
http://www.americanas.com.br/AcomLine/594/14061
/home/iamjabour/workspacePessoal/tese/sources/python/anotador/comercioeletronico/download/americanas/594.14061

downloading 119 document
http://www.americanas.com.br/AcomLine/594/14062
/home/iamjabour/workspacePessoal/tese/sources/python/anotador/comercioeletronico/download/americanas/594.14062

downloading 120 document
http://www.americanas.com.br/AcomLine/49963/49970
/home/iamjabour/workspacePessoal/tese/sources/python/anotador/comercioeletronico/download/americanas/49963.49970

downloading 121 document
http://www.americanas.com.br/AcomLine/49963/49972
/home/iamjabour/workspacePessoal/tese/sources/python/anotador/comercioeletronico/download/americanas/49963.49972

downloading 122 document
http://www.americanas.com.br/AcomLine/575/76381
/home/iamjabour/workspacePessoal/tese/sources/python/anotador/comercioeletronico/download/americanas/575.76381

downloading 123 document
http://www.americanas.com.br/AcomLine/575/76381

ERROR: Documento ja faz parte do corpus: http://www.americanas.com.br/AcomLine/575/76381

downloading 124 document
http://www.americanas.tenis.netshoes.com.br/categoria.aspx?cc=0&sc=371&fc=3&pt=3&cn=Ofertas&fn=Adidas&FromFor=1
/home/iamjabour/workspacePessoal/tese/sources/python/anotador/comercioeletronico/download/americanas/.www.americanas.tenis.netshoes.com.br/categoria.aspx?cc=0&sc=371&fc=3&pt=3&cn=Ofertas&fn=Adidas&FromFor=1

ERROR: Documento não foi pego no wget: /home/iamjabour/workspacePessoal/tese/sources/python/anotador/comercioeletronico/download/americanas/.www.americanas.tenis.netshoes.com.br/categoria.aspx?cc=0&sc=371&fc=3&pt=3&cn=Ofertas&fn=Adidas&FromFor=1

downloading 125 document
http://www.americanas.tenis.netshoes.com.br/categoria.aspx?cc=0&sc=1&fc=29&pt=3&cn=Calçados&fn=Converse+ALL+STAR&FromFor=1
/home/iamjabour/workspacePessoal/tese/sources/python/anotador/comercioeletronico/download/americanas/.www.americanas.tenis.netshoes.com.br/categoria.aspx?cc=0&sc=1&fc=29&pt=3&cn=Calçados&fn=Converse+ALL+STAR&FromFor=1

ERROR: Documento não foi pego no wget: /home/iamjabour/workspacePessoal/tese/sources/python/anotador/comercioeletronico/download/americanas/.www.americanas.tenis.netshoes.com.br/categoria.aspx?cc=0&sc=1&fc=29&pt=3&cn=Calçados&fn=Converse+ALL+STAR&FromFor=1

foram processadas 125 linhas
