target
downloading 001 document
http://www.target.com/Fashion-Jewelry-Clearance-Womens/b/ref=sc_pgb_r_12_0_12954791_2/189-4367687-8045148?ie=UTF8&node=303854011
/home/iamjabour/workspacePessoal/tese/sources/python/anotador/comercioeletronico/download/target/303854011

downloading 002 document
http://www.target.com/Icon-Marika-Workout-Wear-Women/b/ref=sc_pgp_r_12_0_2172906011_2/189-4367687-8045148?ie=UTF8&node=1264098011
/home/iamjabour/workspacePessoal/tese/sources/python/anotador/comercioeletronico/download/target/1264098011

downloading 003 document
http://www.target.com/Skinny-Jeans-Juniors-Clothing-Womens/b/ref=sc_pgb_r_6_0_13796461_2/189-4367687-8045148?ie=UTF8&node=1253605011
/home/iamjabour/workspacePessoal/tese/sources/python/anotador/comercioeletronico/download/target/1253605011

downloading 004 document
http://www.target.com/Bikini-Intimates-Womens-Clothing/b/ref=sc_iw_r_2_0/189-4367687-8045148?node=13768341
/home/iamjabour/workspacePessoal/tese/sources/python/anotador/comercioeletronico/download/target/13768341

downloading 005 document
http://www.target.com/Maternity-Swim-Womens/b/ref=sc_iw_r_1_1/189-4367687-8045148?node=1293441011
/home/iamjabour/workspacePessoal/tese/sources/python/anotador/comercioeletronico/download/target/1293441011

downloading 006 document
http://www.target.com/Rain-Boots-Womens-Shoes/b/ref=sc_iw_r_2_0/189-4367687-8045148?node=13913321
/home/iamjabour/workspacePessoal/tese/sources/python/anotador/comercioeletronico/download/target/13913321

downloading 007 document
http://www.target.com/Plus-Size-Dresses-Womens/b/ref=sc_iw_r_2_0/189-4367687-8045148?node=16404371
/home/iamjabour/workspacePessoal/tese/sources/python/anotador/comercioeletronico/download/target/16404371

downloading 008 document
http://www.target.com/Tops-Tees-Plus-Size-Womens/b/ref=sc_iw_r_2_0/189-4367687-8045148?node=16259151
/home/iamjabour/workspacePessoal/tese/sources/python/anotador/comercioeletronico/download/target/16259151

downloading 009 document
http://www.target.com/Sweaters-Plus-Size-Womens/b/ref=sc_iw_r_2_0/189-4367687-8045148?node=13935871
/home/iamjabour/workspacePessoal/tese/sources/python/anotador/comercioeletronico/download/target/13935871

downloading 010 document
http://www.target.com/Pants-Bottoms-Plus-Size-Womens/b/ref=sc_iw_r_2_0/189-4367687-8045148?node=2223970011
/home/iamjabour/workspacePessoal/tese/sources/python/anotador/comercioeletronico/download/target/2223970011

downloading 011 document
http://www.target.com/Plus-Size-Activewear-Womens/b/ref=sc_iw_r_2_0/189-4367687-8045148?node=13768851
/home/iamjabour/workspacePessoal/tese/sources/python/anotador/comercioeletronico/download/target/13768851

downloading 012 document
http://www.target.com/Plus-Size-Swimwear-Womens/b/ref=sc_iw_r_2_0/189-4367687-8045148?node=351632011
/home/iamjabour/workspacePessoal/tese/sources/python/anotador/comercioeletronico/download/target/351632011

downloading 013 document
http://www.target.com/Womens-Resort-Wear-Clothing/b/ref=sc_fe_l_5/189-4367687-8045148?ie=UTF8&node=702355011
/home/iamjabour/workspacePessoal/tese/sources/python/anotador/comercioeletronico/download/target/702355011

downloading 014 document
http://www.target.com/Pajama-Sets-Sleepwear-Womens-Clothing/b/ref=sc_iw_r_1_1/189-4367687-8045148?node=1293409011
/home/iamjabour/workspacePessoal/tese/sources/python/anotador/comercioeletronico/download/target/1293409011

downloading 015 document
http://www.target.com/Tops-Sleepwear-Womens-Clothing/b/ref=sc_iw_r_1_1/189-4367687-8045148?node=1293411011
/home/iamjabour/workspacePessoal/tese/sources/python/anotador/comercioeletronico/download/target/1293411011

downloading 016 document
http://www.target.com/Bottoms-Sleepwear-Womens-Clothing/b/ref=sc_iw_r_1_1/189-4367687-8045148?node=1293403011
/home/iamjabour/workspacePessoal/tese/sources/python/anotador/comercioeletronico/download/target/1293403011

downloading 017 document
http://www.target.com/Gowns-Sleepshirts-Sleepwear-Womens-Clothing/b/ref=sc_iw_r_1_1/189-4367687-8045148?node=1293407011
/home/iamjabour/workspacePessoal/tese/sources/python/anotador/comercioeletronico/download/target/1293407011

downloading 018 document
http://www.target.com/Womens-Triangle-Tops-Swimwear/b/ref=sc_iw_r_1_1/189-4367687-8045148?node=1264685011
/home/iamjabour/workspacePessoal/tese/sources/python/anotador/comercioeletronico/download/target/1264685011

downloading 019 document
http://www.target.com/Womens-Bandeau-Tops-Swimwear/b/ref=sc_iw_r_1_1/189-4367687-8045148?node=1264686011
/home/iamjabour/workspacePessoal/tese/sources/python/anotador/comercioeletronico/download/target/1264686011

downloading 020 document
http://www.target.com/One-Piece-Swimsuits-Swimwear-Womens/b/ref=sc_iw_r_1_1/189-4367687-8045148?node=13706071
/home/iamjabour/workspacePessoal/tese/sources/python/anotador/comercioeletronico/download/target/13706071

downloading 021 document
http://www.target.com/Swimwear-Monokinis-Juniors-Clothing-Womens/b/ref=sc_iw_r_1_1/189-4367687-8045148?node=1260417011
/home/iamjabour/workspacePessoal/tese/sources/python/anotador/comercioeletronico/download/target/1260417011

downloading 022 document
http://www.target.com/Womens-Halter-Tops-Swimwear/b/ref=sc_iw_r_1_1/189-4367687-8045148?node=1288692011
/home/iamjabour/workspacePessoal/tese/sources/python/anotador/comercioeletronico/download/target/1288692011

downloading 023 document
http://www.target.com/Tankinis-Swimwear-Womens/b/ref=sc_iw_r_1_1/189-4367687-8045148?node=15959161
/home/iamjabour/workspacePessoal/tese/sources/python/anotador/comercioeletronico/download/target/15959161

downloading 024 document
http://www.target.com/Hoodies-Wraps-Weekend-Wear-Womens/b/ref=sc_pgb_r_3_0_673320011_2/189-4367687-8045148?ie=UTF8&node=1245807011
/home/iamjabour/workspacePessoal/tese/sources/python/anotador/comercioeletronico/download/target/1245807011

downloading 025 document
http://www.target.com/Tees-Weekend-Wear-Womens-Clothing/b/ref=sc_pgb_r_4_0_673320011_2/189-4367687-8045148?ie=UTF8&node=2055663011
/home/iamjabour/workspacePessoal/tese/sources/python/anotador/comercioeletronico/download/target/2055663011

downloading 026 document
http://www.target.com/Weekend-Wear-Plus-Size-Womens/b/ref=sc_pgb_r_12_0_673320011_2/189-4367687-8045148?ie=UTF8&node=16378181
/home/iamjabour/workspacePessoal/tese/sources/python/anotador/comercioeletronico/download/target/16378181

downloading 027 document
http://www.target.com/Long-Sleeve-Womens-Dresses-Clothing/b/ref=sc_iw_r_1_1/189-4367687-8045148?node=2207096011
/home/iamjabour/workspacePessoal/tese/sources/python/anotador/comercioeletronico/download/target/2207096011

downloading 028 document
http://www.target.com/Sleeveless-Womens-Dresses-Clothing/b/ref=sc_iw_r_1_1/189-4367687-8045148?node=2207097011
/home/iamjabour/workspacePessoal/tese/sources/python/anotador/comercioeletronico/download/target/2207097011

downloading 029 document
http://www.target.com/Strapless-Womens-Dresses-Clothing/b/ref=sc_iw_r_1_1/189-4367687-8045148?node=1290287011
/home/iamjabour/workspacePessoal/tese/sources/python/anotador/comercioeletronico/download/target/1290287011

downloading 030 document
http://www.target.com/Short-Sleeve-Womens-Dresses-Clothing/b/ref=sc_iw_r_1_1/189-4367687-8045148?node=2207095011
/home/iamjabour/workspacePessoal/tese/sources/python/anotador/comercioeletronico/download/target/2207095011

downloading 031 document
http://www.target.com/Boots-Forest-Beauty/b/ref=sc_fe_l_4/189-4367687-8045148?ie=UTF8&node=720964011
/home/iamjabour/workspacePessoal/tese/sources/python/anotador/comercioeletronico/download/target/720964011

downloading 032 document
http://www.target.com/Boots-Botanics-Beauty/b/ref=sc_fe_l_4/189-4367687-8045148?ie=UTF8&node=361688011
/home/iamjabour/workspacePessoal/tese/sources/python/anotador/comercioeletronico/download/target/361688011

downloading 033 document
http://www.target.com/Boots-Botanics-Organics-Beauty/b/ref=sc_fe_l_4/189-4367687-8045148?ie=UTF8&node=2053007011
/home/iamjabour/workspacePessoal/tese/sources/python/anotador/comercioeletronico/download/target/2053007011

downloading 034 document
http://www.target.com/Boots-Botanics-Organics-Beauty/b/ref=sc_fe_l_4/189-4367687-8045148?ie=UTF8&node=2053007011

ERROR: Documento ja faz parte do corpus: http://www.target.com/Boots-Botanics-Organics-Beauty/b/ref=sc_fe_l_4/189-4367687-8045148?ie=UTF8&node=2053007011

downloading 035 document
http://www.target.com/Boots-Mediterranean-Beauty/b/ref=sc_fe_l_4/189-4367687-8045148?ie=UTF8&node=361689011
/home/iamjabour/workspacePessoal/tese/sources/python/anotador/comercioeletronico/download/target/361689011

downloading 036 document
http://www.target.com/Boots-No7-Beauty/b/ref=sc_fe_l_4/189-4367687-8045148?ie=UTF8&node=362934011
/home/iamjabour/workspacePessoal/tese/sources/python/anotador/comercioeletronico/download/target/362934011

downloading 037 document
http://www.target.com/Boots-Time-Dimension-Beauty/b/ref=sc_fe_l_4/189-4367687-8045148?ie=UTF8&node=361692011
/home/iamjabour/workspacePessoal/tese/sources/python/anotador/comercioeletronico/download/target/361692011

downloading 038 document
http://www.target.com/Soap-Glory-Skin-Care-Beauty/b/ref=sc_fe_l_1/189-4367687-8045148?ie=UTF8&node=1290267011
/home/iamjabour/workspacePessoal/tese/sources/python/anotador/comercioeletronico/download/target/1290267011

downloading 039 document
http://www.target.com/Soap-Glory-Pink-Bath-Body/b/ref=sc_fe_l_1/189-4367687-8045148?ie=UTF8&node=1268195011
/home/iamjabour/workspacePessoal/tese/sources/python/anotador/comercioeletronico/download/target/1268195011

downloading 040 document
http://www.target.com/Soap-Glory-Spa-Bath-Body/b/ref=sc_fe_l_1/189-4367687-8045148?ie=UTF8&node=1268194011
/home/iamjabour/workspacePessoal/tese/sources/python/anotador/comercioeletronico/download/target/1268194011

downloading 041 document
http://www.target.com/Soap-Glory-Cosmetic-Bags-Gift/b/ref=sc_fe_l_1/189-4367687-8045148?ie=UTF8&node=1290268011
/home/iamjabour/workspacePessoal/tese/sources/python/anotador/comercioeletronico/download/target/1290268011

downloading 042 document
http://www.target.com/Soap-Glory-Cosmetic-Bags-Gift/b/ref=sc_fe_l_1/189-4367687-8045148?ie=UTF8&node=1290268011

ERROR: Documento ja faz parte do corpus: http://www.target.com/Soap-Glory-Cosmetic-Bags-Gift/b/ref=sc_fe_l_1/189-4367687-8045148?ie=UTF8&node=1290268011

downloading 043 document
http://www.target.com/Soap-Glory-Lips-Beauty/b/ref=sc_fe_l_1/189-4367687-8045148?ie=UTF8&node=1268196011
/home/iamjabour/workspacePessoal/tese/sources/python/anotador/comercioeletronico/download/target/1268196011

downloading 044 document
http://www.target.com/Straightening-Irons-Hair-Care-Beauty/b/ref=sc_iw_l_3/189-4367687-8045148?node=13828331
/home/iamjabour/workspacePessoal/tese/sources/python/anotador/comercioeletronico/download/target/13828331

downloading 045 document
http://www.target.com/b/ref=sc_fe_l_6/189-4367687-8045148?ie=UTF8&node=2261231011
/home/iamjabour/workspacePessoal/tese/sources/python/anotador/comercioeletronico/download/target/2261231011

downloading 046 document
http://www.target.com/Beauty-Gifts-Easter-thru-43/b/ref=sc_fe_l_6/189-4367687-8045148?ie=UTF8&node=2257438011
/home/iamjabour/workspacePessoal/tese/sources/python/anotador/comercioeletronico/download/target/2257438011

downloading 047 document
http://www.target.com/New-Arrivals-Beauty/b/ref=sc_fe_l_6/189-4367687-8045148?ie=UTF8&node=160803011
/home/iamjabour/workspacePessoal/tese/sources/python/anotador/comercioeletronico/download/target/160803011

downloading 048 document
http://www.target.com/Bestsellers-Beauty/b/ref=sc_fe_l_6/189-4367687-8045148?ie=UTF8&node=155226011&rank=salesrank&maxsize=70
/home/iamjabour/workspacePessoal/tese/sources/python/anotador/comercioeletronico/download/target/155226011&rank=salesrank&maxsize=70

downloading 049 document
http://www.target.com/Best-Rated-Beauty/b/ref=sc_fe_l_6/189-4367687-8045148?ie=UTF8&node=2207044011
/home/iamjabour/workspacePessoal/tese/sources/python/anotador/comercioeletronico/download/target/2207044011

downloading 050 document
http://www.target.com/Body-Wash-Shower-Gel-Beauty/b/ref=sc_fe_l_2/189-4367687-8045148?ie=UTF8&node=676927011
/home/iamjabour/workspacePessoal/tese/sources/python/anotador/comercioeletronico/download/target/676927011

downloading 051 document
http://www.target.com/Exfoliants-Scrubs-Bath-Body-Beauty/b/ref=sc_fe_l_2/189-4367687-8045148?ie=UTF8&node=1266733011
/home/iamjabour/workspacePessoal/tese/sources/python/anotador/comercioeletronico/download/target/1266733011

downloading 052 document
http://www.target.com/Body-Lotion-Cream-Bath-Beauty/b/ref=sc_fe_l_2/189-4367687-8045148?ie=UTF8&node=643743011
/home/iamjabour/workspacePessoal/tese/sources/python/anotador/comercioeletronico/download/target/643743011

downloading 053 document
http://www.target.com/Bath-Body-Oil-Beauty/b/ref=sc_fe_l_2/189-4367687-8045148?ie=UTF8&node=1266737011
/home/iamjabour/workspacePessoal/tese/sources/python/anotador/comercioeletronico/download/target/1266737011

downloading 054 document
http://www.target.com/Bubble-Bath-Body-Beauty/b/ref=sc_fe_l_2/189-4367687-8045148?ie=UTF8&node=1266736011
/home/iamjabour/workspacePessoal/tese/sources/python/anotador/comercioeletronico/download/target/1266736011

downloading 055 document
http://www.target.com/Bath-Salts-Body-Beauty/b/ref=sc_fe_l_2/189-4367687-8045148?ie=UTF8&node=676928011
/home/iamjabour/workspacePessoal/tese/sources/python/anotador/comercioeletronico/download/target/676928011

downloading 056 document
http://www.target.com/Body-Spray-Bath-Beauty/b/ref=sc_fe_l_2/189-4367687-8045148?ie=UTF8&node=672563011
/home/iamjabour/workspacePessoal/tese/sources/python/anotador/comercioeletronico/download/target/672563011

downloading 057 document
http://www.target.com/Anti-Cellulite-Firming-Bath-Body-Beauty/b/ref=sc_fe_l_2/189-4367687-8045148?ie=UTF8&node=1266734011
/home/iamjabour/workspacePessoal/tese/sources/python/anotador/comercioeletronico/download/target/1266734011

downloading 058 document
http://www.target.com/Sunless-Tanners-Bath-Body-Beauty/b/ref=sc_fe_l_2/189-4367687-8045148?ie=UTF8&node=1266735011
/home/iamjabour/workspacePessoal/tese/sources/python/anotador/comercioeletronico/download/target/1266735011

downloading 059 document
http://www.target.com/Sun-Care-Skin-Beauty/b/ref=sc_fe_l_2/189-4367687-8045148?ie=UTF8&node=668030011http://www.target.com/Cosmetic-Gift-Sets-Kits-Beauty/b/ref=sc_fe_l_2/189-4367687-8045148?ie=UTF8&node=1265795011
/home/iamjabour/workspacePessoal/tese/sources/python/anotador/comercioeletronico/download/target/668030011http:./www.target.com/Cosmetic-Gift-Sets-Kits-Beauty/b/ref=sc_fe_l_2/189-4367687-8045148?ie=UTF8&node=1265795011

ERROR: Documento não foi pego no wget: /home/iamjabour/workspacePessoal/tese/sources/python/anotador/comercioeletronico/download/target/668030011http:./www.target.com/Cosmetic-Gift-Sets-Kits-Beauty/b/ref=sc_fe_l_2/189-4367687-8045148?ie=UTF8&node=1265795011

downloading 060 document
http://www.target.com/Eye-Shadow-Cosmetics-Beauty/b/ref=sc_fe_l_2/189-4367687-8045148?ie=UTF8&node=1264278011
/home/iamjabour/workspacePessoal/tese/sources/python/anotador/comercioeletronico/download/target/1264278011

downloading 061 document
http://www.target.com/Mascara-Cosmetics-Beauty/b/ref=sc_fe_l_2/189-4367687-8045148?ie=UTF8&node=1264279011
/home/iamjabour/workspacePessoal/tese/sources/python/anotador/comercioeletronico/download/target/1264279011

downloading 062 document
http://www.target.com/Eyeliner-Cosmetics-Beauty/b/ref=sc_fe_l_2/189-4367687-8045148?ie=UTF8&node=1264280011
/home/iamjabour/workspacePessoal/tese/sources/python/anotador/comercioeletronico/download/target/1264280011

downloading 063 document
http://www.target.com/False-Eyelashes-Cosmetics-Beauty/b/ref=sc_fe_l_2/189-4367687-8045148?ie=UTF8&node=1264291011
/home/iamjabour/workspacePessoal/tese/sources/python/anotador/comercioeletronico/download/target/1264291011

downloading 064 document
http://www.target.com/Foundation-Cosmetics-Beauty/b/ref=sc_fe_l_2/189-4367687-8045148?ie=UTF8&node=1264282011
/home/iamjabour/workspacePessoal/tese/sources/python/anotador/comercioeletronico/download/target/1264282011

downloading 065 document
http://www.target.com/Concealer-Cosmetics-Beauty/b/ref=sc_fe_l_2/189-4367687-8045148?ie=UTF8&node=1264281011
/home/iamjabour/workspacePessoal/tese/sources/python/anotador/comercioeletronico/download/target/1264281011

downloading 066 document
http://www.target.com/Powder-Cosmetics-Beauty/b/ref=sc_fe_l_2/189-4367687-8045148?ie=UTF8&node=1264283011
/home/iamjabour/workspacePessoal/tese/sources/python/anotador/comercioeletronico/download/target/1264283011

downloading 067 document
http://www.target.com/Blush-Cosmetics-Beauty/b/ref=sc_fe_l_2/189-4367687-8045148?ie=UTF8&node=1264284011
/home/iamjabour/workspacePessoal/tese/sources/python/anotador/comercioeletronico/download/target/1264284011

downloading 068 document
http://www.target.com/Lip-Liner-Cosmetics-Beauty/b/ref=sc_fe_l_2/189-4367687-8045148?ie=UTF8&node=1264285011
/home/iamjabour/workspacePessoal/tese/sources/python/anotador/comercioeletronico/download/target/1264285011

downloading 069 document
http://www.target.com/Lipstick-Cosmetics-Beauty/b/ref=sc_fe_l_2/189-4367687-8045148?ie=UTF8&node=1264286011
/home/iamjabour/workspacePessoal/tese/sources/python/anotador/comercioeletronico/download/target/1264286011

downloading 070 document
http://www.target.com/Cosmetic-Bags-Clutches-Cosmetics-Beauty/b/ref=sc_fe_l_2/189-4367687-8045148?ie=UTF8&node=2054902011
/home/iamjabour/workspacePessoal/tese/sources/python/anotador/comercioeletronico/download/target/2054902011

downloading 071 document
http://www.target.com/Cosmetic-Bags-Hard-Cases-Beauty/b/ref=sc_fe_l_2/189-4367687-8045148?ie=UTF8&node=2204922011
/home/iamjabour/workspacePessoal/tese/sources/python/anotador/comercioeletronico/download/target/2204922011

downloading 072 document
http://www.target.com/Cosmetic-Bags-Totes-Duffles-Beauty/b/ref=sc_fe_l_2/189-4367687-8045148?ie=UTF8&node=2054904011
/home/iamjabour/workspacePessoal/tese/sources/python/anotador/comercioeletronico/download/target/2054904011

downloading 073 document
http://www.target.com/Cosmetic-Bags-Train-Cases-Beauty/b/ref=sc_fe_l_2/189-4367687-8045148?ie=UTF8&node=2054901011
/home/iamjabour/workspacePessoal/tese/sources/python/anotador/comercioeletronico/download/target/2054901011

downloading 074 document
http://www.target.com/Dolce-Gabbana-Womens-Fragrance-Beauty/b/ref=sc_fe_l_2/189-4367687-8045148?ie=UTF8&node=1254236011
/home/iamjabour/workspacePessoal/tese/sources/python/anotador/comercioeletronico/download/target/1254236011

downloading 075 document
http://www.target.com/Juicy-Couture-Womens-Fragrance-Beauty/b/ref=sc_fe_l_2/189-4367687-8045148?ie=UTF8&node=1254314011
/home/iamjabour/workspacePessoal/tese/sources/python/anotador/comercioeletronico/download/target/1254314011

downloading 076 document
http://www.target.com/Sarah-Jessica-Parker-Beauty/b/ref=sc_fe_l_2/189-4367687-8045148?ie=UTF8&node=1254438011
/home/iamjabour/workspacePessoal/tese/sources/python/anotador/comercioeletronico/download/target/1254438011

downloading 077 document
http://www.target.com/Ralph-Lauren-Womens-Fragrance-Beauty/b/ref=sc_fe_l_2/189-4367687-8045148?ie=UTF8&node=1254411011
/home/iamjabour/workspacePessoal/tese/sources/python/anotador/comercioeletronico/download/target/1254411011

downloading 078 document
http://www.target.com/Burberry-Womens-Fragrance-Fragrances-Beauty/b/ref=sc_fe_l_2/189-4367687-8045148?ie=UTF8&node=1254187011
/home/iamjabour/workspacePessoal/tese/sources/python/anotador/comercioeletronico/download/target/1254187011

downloading 079 document
http://www.target.com/Hanae-Mori-Womens-Fragrance-Beauty/b/ref=sc_fe_l_2/189-4367687-8045148?ie=UTF8&node=1254287011
/home/iamjabour/workspacePessoal/tese/sources/python/anotador/comercioeletronico/download/target/1254287011

downloading 080 document
http://www.target.com/Escada-Womens-Fragrance-Fragrances-Beauty/b/ref=sc_fe_l_2/189-4367687-8045148?ie=UTF8&node=1254253011
/home/iamjabour/workspacePessoal/tese/sources/python/anotador/comercioeletronico/download/target/1254253011

downloading 081 document
http://www.target.com/Karl-Lagerfeld-Mens-Fragrance-Beauty/b/ref=sc_fe_l_2/189-4367687-8045148?ie=UTF8&node=1254002011
/home/iamjabour/workspacePessoal/tese/sources/python/anotador/comercioeletronico/download/target/1254002011

downloading 082 document
http://www.target.com/Giorgio-Armani-Mens-Fragrance-Beauty/b/ref=sc_fe_l_2/189-4367687-8045148?ie=UTF8&node=1253923011
/home/iamjabour/workspacePessoal/tese/sources/python/anotador/comercioeletronico/download/target/1253923011

downloading 083 document
http://www.target.com/Paul-Sebastian-Mens-Fragrance-Beauty/b/ref=sc_fe_l_2/189-4367687-8045148?ie=UTF8&node=1254045011
/home/iamjabour/workspacePessoal/tese/sources/python/anotador/comercioeletronico/download/target/1254045011

downloading 084 document
http://www.target.com/Royal-Copenhagen-Mens-Fragrance-Beauty/b/ref=sc_fe_l_2/189-4367687-8045148?ie=UTF8&node=1254572011
/home/iamjabour/workspacePessoal/tese/sources/python/anotador/comercioeletronico/download/target/1254572011

downloading 085 document
http://www.target.com/Davidoff-Mens-Fragrance-Fragrances-Beauty/b/ref=sc_fe_l_2/189-4367687-8045148?ie=UTF8&node=1254575011
/home/iamjabour/workspacePessoal/tese/sources/python/anotador/comercioeletronico/download/target/1254575011

downloading 086 document
http://www.target.com/Swiss-Army-Mens-Fragrance-Beauty/b/ref=sc_fe_l_2/189-4367687-8045148?ie=UTF8&node=1254622011
/home/iamjabour/workspacePessoal/tese/sources/python/anotador/comercioeletronico/download/target/1254622011

downloading 087 document
http://www.target.com/Womens-Fragrances-Romantic-Beauty/b/ref=sc_fe_l_2/189-4367687-8045148?ie=UTF8&node=367878011
/home/iamjabour/workspacePessoal/tese/sources/python/anotador/comercioeletronico/download/target/367878011

downloading 088 document
http://www.target.com/Womens-Fragrances-Citrus-Beauty/b/ref=sc_fe_l_2/189-4367687-8045148?ie=UTF8&node=367865011
/home/iamjabour/workspacePessoal/tese/sources/python/anotador/comercioeletronico/download/target/367865011

downloading 089 document
http://www.target.com/Womens-Fragrances-Fresh-Beauty/b/ref=sc_fe_l_2/189-4367687-8045148?ie=UTF8&node=367867011
/home/iamjabour/workspacePessoal/tese/sources/python/anotador/comercioeletronico/download/target/367867011

downloading 090 document
http://www.target.com/Womens-Fragrances-Floral-Beauty/b/ref=sc_fe_l_2/189-4367687-8045148?ie=UTF8&node=367866011
/home/iamjabour/workspacePessoal/tese/sources/python/anotador/comercioeletronico/download/target/367866011

downloading 091 document
http://www.target.com/Womens-Fragrances-Oriental-Beauty/b/ref=sc_fe_l_2/189-4367687-8045148?ie=UTF8&node=367869011
/home/iamjabour/workspacePessoal/tese/sources/python/anotador/comercioeletronico/download/target/367869011

downloading 092 document
http://www.target.com/Womens-Fragrances-Spicy-Beauty/b/ref=sc_fe_l_2/189-4367687-8045148?ie=UTF8&node=367870011
/home/iamjabour/workspacePessoal/tese/sources/python/anotador/comercioeletronico/download/target/367870011

downloading 093 document
http://www.target.com/Mens-Fragrances-Romantic-Beauty/b/ref=sc_fe_l_2/189-4367687-8045148?ie=UTF8&node=367885011
/home/iamjabour/workspacePessoal/tese/sources/python/anotador/comercioeletronico/download/target/367885011

downloading 094 document
http://www.target.com/Mens-Fragrances-Fresh-Beauty/b/ref=sc_fe_l_2/189-4367687-8045148?ie=UTF8&node=367873011
/home/iamjabour/workspacePessoal/tese/sources/python/anotador/comercioeletronico/download/target/367873011

downloading 095 document
http://www.target.com/Mens-Fragrances-Citrus-Beauty/b/ref=sc_fe_l_2/189-4367687-8045148?ie=UTF8&node=367871011
/home/iamjabour/workspacePessoal/tese/sources/python/anotador/comercioeletronico/download/target/367871011

downloading 096 document
http://www.target.com/Mens-Fragrances-Oriental-Beauty/b/ref=sc_fe_l_2/189-4367687-8045148?ie=UTF8&node=367880011
/home/iamjabour/workspacePessoal/tese/sources/python/anotador/comercioeletronico/download/target/367880011

downloading 097 document
http://www.target.com/Mens-Fragrances-Woodsy-Beauty/b/ref=sc_fe_l_2/189-4367687-8045148?ie=UTF8&node=367875011
/home/iamjabour/workspacePessoal/tese/sources/python/anotador/comercioeletronico/download/target/367875011

downloading 098 document
http://www.target.com/Mens-Fragrances-Sporty-Beauty/b/ref=sc_fe_l_2/189-4367687-8045148?ie=UTF8&node=367872011
/home/iamjabour/workspacePessoal/tese/sources/python/anotador/comercioeletronico/download/target/367872011

downloading 099 document
http://www.target.com/Mens-Fragrances-Spicy-Beauty/b/ref=sc_fe_l_2/189-4367687-8045148?ie=UTF8&node=367874011
/home/iamjabour/workspacePessoal/tese/sources/python/anotador/comercioeletronico/download/target/367874011

downloading 100 document
http://www.target.com/Straightening-Irons-Hair-Care-Beauty/b/ref=sc_fe_l_2/189-4367687-8045148?ie=UTF8&node=13828331

ERROR: Documento ja faz parte do corpus: http://www.target.com/Straightening-Irons-Hair-Care-Beauty/b/ref=sc_fe_l_2/189-4367687-8045148?ie=UTF8&node=13828331

downloading 101 document
http://www.target.com/Curling-Irons-Hair-Care-Beauty/b/ref=sc_fe_l_2/189-4367687-8045148?ie=UTF8&node=13825631
/home/iamjabour/workspacePessoal/tese/sources/python/anotador/comercioeletronico/download/target/13825631

downloading 102 document
http://www.target.com/Hair-Dryers-Care-Beauty/b/ref=sc_fe_l_2/189-4367687-8045148?ie=UTF8&node=13821201
/home/iamjabour/workspacePessoal/tese/sources/python/anotador/comercioeletronico/download/target/13821201

downloading 103 document
http://www.target.com/Rollers-Stylers-Hair-Care-Beauty/b/ref=sc_fe_l_2/189-4367687-8045148?ie=UTF8&node=16306481
/home/iamjabour/workspacePessoal/tese/sources/python/anotador/comercioeletronico/download/target/16306481

downloading 104 document
http://www.target.com/Stylist-Favorites-Hair-Care-Beauty/b/ref=sc_fe_l_2/189-4367687-8045148?ie=UTF8&node=1288339011
/home/iamjabour/workspacePessoal/tese/sources/python/anotador/comercioeletronico/download/target/1288339011

downloading 105 document
http://www.target.com/Shampoo-Normal-Hair-Care-Beauty/b/ref=sc_fe_l_2/189-4367687-8045148?ie=UTF8&node=1267328011
/home/iamjabour/workspacePessoal/tese/sources/python/anotador/comercioeletronico/download/target/1267328011

downloading 106 document
http://www.target.com/Shampoo-Chemically-Treated-Hair-Beauty/b/ref=sc_fe_l_2/189-4367687-8045148?ie=UTF8&node=1267331011
/home/iamjabour/workspacePessoal/tese/sources/python/anotador/comercioeletronico/download/target/1267331011

downloading 107 document
http://www.target.com/Shampoo-Chemically-Treated-Hair-Beauty/b/ref=sc_fe_l_2/189-4367687-8045148?ie=UTF8&node=1267331011

ERROR: Documento ja faz parte do corpus: http://www.target.com/Shampoo-Chemically-Treated-Hair-Beauty/b/ref=sc_fe_l_2/189-4367687-8045148?ie=UTF8&node=1267331011

downloading 108 document
http://www.target.com/Conditioner-Normal-Hair-Care-Beauty/b/ref=sc_fe_l_2/189-4367687-8045148?ie=UTF8&node=1267332011
/home/iamjabour/workspacePessoal/tese/sources/python/anotador/comercioeletronico/download/target/1267332011

downloading 109 document
http://www.target.com/Conditioner-Chemically-Treated-Hair-Beauty/b/ref=sc_fe_l_2/189-4367687-8045148?ie=UTF8&node=1267335011
/home/iamjabour/workspacePessoal/tese/sources/python/anotador/comercioeletronico/download/target/1267335011

downloading 110 document
http://www.target.com/Conditioner-Chemically-Treated-Hair-Beauty/b/ref=sc_fe_l_2/189-4367687-8045148?ie=UTF8&node=1267335011

ERROR: Documento ja faz parte do corpus: http://www.target.com/Conditioner-Chemically-Treated-Hair-Beauty/b/ref=sc_fe_l_2/189-4367687-8045148?ie=UTF8&node=1267335011

downloading 111 document
http://www.target.com/Fine-Hair-Products-Care-Beauty/b/ref=sc_fe_l_2/189-4367687-8045148?ie=UTF8&node=1267336011
/home/iamjabour/workspacePessoal/tese/sources/python/anotador/comercioeletronico/download/target/1267336011

downloading 112 document
http://www.target.com/Coarse-Hair-Products-Care-Beauty/b/ref=sc_fe_l_2/189-4367687-8045148?ie=UTF8&node=1267337011
/home/iamjabour/workspacePessoal/tese/sources/python/anotador/comercioeletronico/download/target/1267337011

downloading 113 document
http://www.target.com/Professional-Shampoo-Hair-Care-Beauty/b/ref=sc_fe_l_2/189-4367687-8045148?ie=UTF8&node=1267315011
/home/iamjabour/workspacePessoal/tese/sources/python/anotador/comercioeletronico/download/target/1267315011

downloading 114 document
http://www.target.com/Professional-Conditioner-Hair-Care-Beauty/b/ref=sc_fe_l_2/189-4367687-8045148?ie=UTF8&node=1267316011
/home/iamjabour/workspacePessoal/tese/sources/python/anotador/comercioeletronico/download/target/1267316011

downloading 115 document
http://www.target.com/Professional-Styling-Hair-Care-Beauty/b/ref=sc_fe_l_2/189-4367687-8045148?ie=UTF8&node=1267317011
/home/iamjabour/workspacePessoal/tese/sources/python/anotador/comercioeletronico/download/target/1267317011

downloading 116 document
http://www.target.com/Face-Sonia-Kashuk-Design/b/ref=sc_fe_l_2/189-4367687-8045148?ie=UTF8&node=726917011
/home/iamjabour/workspacePessoal/tese/sources/python/anotador/comercioeletronico/download/target/726917011

downloading 117 document
http://www.target.com/Lips-Sonia-Kashuk-Design/b/ref=sc_fe_l_2/189-4367687-8045148?ie=UTF8&node=726919011
/home/iamjabour/workspacePessoal/tese/sources/python/anotador/comercioeletronico/download/target/726919011

downloading 118 document
http://www.target.com/Skin-Care-Sonia-Kashuk-Design/b/ref=sc_fe_l_2/189-4367687-8045148?ie=UTF8&node=51179011
/home/iamjabour/workspacePessoal/tese/sources/python/anotador/comercioeletronico/download/target/51179011

downloading 119 document
http://www.target.com/Bags-Sonia-Kashuk-Design/b/ref=sc_fe_l_2/189-4367687-8045148?ie=UTF8&node=726921011
/home/iamjabour/workspacePessoal/tese/sources/python/anotador/comercioeletronico/download/target/726921011

downloading 120 document
http://www.target.com/Tools-Sonia-Kashuk-Design/b/ref=sc_fe_l_2/189-4367687-8045148?ie=UTF8&node=726920011
/home/iamjabour/workspacePessoal/tese/sources/python/anotador/comercioeletronico/download/target/726920011

downloading 121 document
http://www.target.com/NP-Set-Face-Beauty/b/ref=sc_fe_l_1/189-4367687-8045148?ie=UTF8&node=702345011
/home/iamjabour/workspacePessoal/tese/sources/python/anotador/comercioeletronico/download/target/702345011

downloading 122 document
http://www.target.com/NP-Set-Eyes-Beauty/b/ref=sc_fe_l_1/189-4367687-8045148?ie=UTF8&node=702344011
/home/iamjabour/workspacePessoal/tese/sources/python/anotador/comercioeletronico/download/target/702344011

downloading 123 document
http://www.target.com/NP-Set-Lips-Beauty/b/ref=sc_fe_l_1/189-4367687-8045148?ie=UTF8&node=702346011
/home/iamjabour/workspacePessoal/tese/sources/python/anotador/comercioeletronico/download/target/702346011

downloading 124 document
http://www.target.com/NP-Set-Tools-Beauty/b/ref=sc_fe_l_1/189-4367687-8045148?ie=UTF8&node=702347011
/home/iamjabour/workspacePessoal/tese/sources/python/anotador/comercioeletronico/download/target/702347011

downloading 125 document
http://www.target.com/NP-Set-Top-5-Beauty/b/ref=sc_fe_l_1/189-4367687-8045148?ie=UTF8&node=703336011
/home/iamjabour/workspacePessoal/tese/sources/python/anotador/comercioeletronico/download/target/703336011

downloading 126 document
http://www.target.com/b/ref=sc_fe_l_5/189-4367687-8045148?ie=UTF8&node=2240174011
/home/iamjabour/workspacePessoal/tese/sources/python/anotador/comercioeletronico/download/target/2240174011

downloading 127 document
http://www.target.com/b/ref=sc_fe_l_5/189-4367687-8045148?ie=UTF8&node=401817011
/home/iamjabour/workspacePessoal/tese/sources/python/anotador/comercioeletronico/download/target/401817011

downloading 128 document
http://www.target.com/b/ref=sc_fe_l_5/189-4367687-8045148?ie=UTF8&node=401817011

ERROR: Documento ja faz parte do corpus: http://www.target.com/b/ref=sc_fe_l_5/189-4367687-8045148?ie=UTF8&node=401817011

downloading 129 document
http://www.target.com/Occasion-Dresswear-Girls-Clothing-Shoes/b/ref=sc_fe_l_5/189-4367687-8045148?ie=UTF8&node=1263746011
/home/iamjabour/workspacePessoal/tese/sources/python/anotador/comercioeletronico/download/target/1263746011

downloading 130 document
http://www.target.com/Girls-Capris-Clothing-Shoes-Kids/b/ref=sc_fe_l_5/189-4367687-8045148?ie=UTF8&node=15993481
/home/iamjabour/workspacePessoal/tese/sources/python/anotador/comercioeletronico/download/target/15993481

downloading 131 document
http://www.target.com/Girls-Jeans-Clothing-Shoes-Kids/b/ref=sc_fe_l_5/189-4367687-8045148?ie=UTF8&node=16011171
/home/iamjabour/workspacePessoal/tese/sources/python/anotador/comercioeletronico/download/target/16011171

downloading 132 document
http://www.target.com/Girls-Pants-Clothing-Shoes-Kids/b/ref=sc_fe_l_5/189-4367687-8045148?ie=UTF8&node=16011191
/home/iamjabour/workspacePessoal/tese/sources/python/anotador/comercioeletronico/download/target/16011191

downloading 133 document
http://www.target.com/Girls-Shorts-Clothing-Shoes-Kids/b/ref=sc_fe_l_5/189-4367687-8045148?ie=UTF8&node=16385221
/home/iamjabour/workspacePessoal/tese/sources/python/anotador/comercioeletronico/download/target/16385221

downloading 134 document
http://www.target.com/Girls-Camis-Tanks-Clothing-Shoes/b/ref=sc_fe_l_5/189-4367687-8045148?ie=UTF8&node=15993451
/home/iamjabour/workspacePessoal/tese/sources/python/anotador/comercioeletronico/download/target/15993451

downloading 135 document
http://www.target.com/Girls-Hoodies-Clothing-Shoes-Kids/b/ref=sc_fe_l_5/189-4367687-8045148?ie=UTF8&node=16011141
/home/iamjabour/workspacePessoal/tese/sources/python/anotador/comercioeletronico/download/target/16011141

downloading 136 document
http://www.target.com/Girls-Shirts-Tees-Clothing-Shoes/b/ref=sc_fe_l_5/189-4367687-8045148?ie=UTF8&node=16008721
/home/iamjabour/workspacePessoal/tese/sources/python/anotador/comercioeletronico/download/target/16008721

downloading 137 document
http://www.target.com/Girls-Sweaters-Clothing-Shoes-Kids/b/ref=sc_fe_l_5/189-4367687-8045148?ie=UTF8&node=15993461
/home/iamjabour/workspacePessoal/tese/sources/python/anotador/comercioeletronico/download/target/15993461

downloading 138 document
http://www.target.com/Girls-Clothing-C9-Champion/b/ref=sc_fe_l_5/189-4367687-8045148?ie=UTF8&node=486409011
/home/iamjabour/workspacePessoal/tese/sources/python/anotador/comercioeletronico/download/target/486409011

downloading 139 document
http://www.target.com/Cherokee-Girls/b/ref=sc_fe_l_5/189-4367687-8045148?ie=UTF8&node=13442321
/home/iamjabour/workspacePessoal/tese/sources/python/anotador/comercioeletronico/download/target/13442321

downloading 140 document
http://www.target.com/Circo/b/ref=sc_fe_l_5/189-4367687-8045148?ie=UTF8&node=13472221
/home/iamjabour/workspacePessoal/tese/sources/python/anotador/comercioeletronico/download/target/13472221

downloading 141 document
http://www.target.com/Xhilaration-Girls/b/ref=sc_fe_l_5/189-4367687-8045148?ie=UTF8&node=13764141
/home/iamjabour/workspacePessoal/tese/sources/python/anotador/comercioeletronico/download/target/13764141

downloading 142 document
http://www.target.com/b/ref=sc_fe_l_4/189-4367687-8045148?ie=UTF8&node=401817011

ERROR: Documento ja faz parte do corpus: http://www.target.com/b/ref=sc_fe_l_4/189-4367687-8045148?ie=UTF8&node=401817011

downloading 143 document
http://www.target.com/Boys-Jeans-Clothing-Shoes-Kids/b/ref=sc_fe_l_4/189-4367687-8045148?ie=UTF8&node=240680011
/home/iamjabour/workspacePessoal/tese/sources/python/anotador/comercioeletronico/download/target/240680011

downloading 144 document
http://www.target.com/Boys-Shorts-Clothing-Shoes-Kids/b/ref=sc_fe_l_4/189-4367687-8045148?ie=UTF8&node=16008751
/home/iamjabour/workspacePessoal/tese/sources/python/anotador/comercioeletronico/download/target/16008751

downloading 145 document
http://www.target.com/Boys-Shirts-Tees-Clothing-Shoes/b/ref=sc_fe_l_4/189-4367687-8045148?ie=UTF8&node=172845011
/home/iamjabour/workspacePessoal/tese/sources/python/anotador/comercioeletronico/download/target/172845011

downloading 146 document
http://www.target.com/Boys-Hoodies-Clothing-Shoes-Kids/b/ref=sc_fe_l_4/189-4367687-8045148?ie=UTF8&node=15993561
/home/iamjabour/workspacePessoal/tese/sources/python/anotador/comercioeletronico/download/target/15993561

downloading 147 document
http://www.target.com/Cherokee-Boys/b/ref=sc_fe_l_4/189-4367687-8045148?ie=UTF8&node=274290011
/home/iamjabour/workspacePessoal/tese/sources/python/anotador/comercioeletronico/download/target/274290011

foram processadas 147 linhas
