benchmark
0 /home/iamjabour/workspacePessoal/tese/corpus/machine_learning_tableextraction_paper2/webtablegrnd/html/industry.ebi.ac.uk.w2h.Doc.help.mangpage.html
1 /home/iamjabour/workspacePessoal/tese/corpus/machine_learning_tableextraction_paper2/webtablegrnd/html/www.ovonic.com.news.Nov14_2000.html
2 /home/iamjabour/workspacePessoal/tese/corpus/machine_learning_tableextraction_paper2/webtablegrnd/html/news.cnet.com.news.0-1005-200-1507039.html
3 /home/iamjabour/workspacePessoal/tese/corpus/machine_learning_tableextraction_paper2/webtablegrnd/html/www.dieoff.org.page114.htm
4 /home/iamjabour/workspacePessoal/tese/corpus/machine_learning_tableextraction_paper2/webtablegrnd/html/www.microsoft.com.OpenType.OTSpec.base.htm
5 /home/iamjabour/workspacePessoal/tese/corpus/machine_learning_tableextraction_paper2/webtablegrnd/html/directory.google.com.Top.Science.Technology.Electronics.Test.Programming_Services.index.html
6 /home/iamjabour/workspacePessoal/tese/corpus/machine_learning_tableextraction_paper2/webtablegrnd/html/www.washingtonpost.com.wp-dyn.politics.elections.2000.index.html
7 /home/iamjabour/workspacePessoal/tese/corpus/machine_learning_tableextraction_paper2/webtablegrnd/html/www.cnn.com.2001.US.01.25.power.woes.gov.index.html
8 /home/iamjabour/workspacePessoal/tese/corpus/machine_learning_tableextraction_paper2/webtablegrnd/html/chicagosports.com.notfound.index.html
9 /home/iamjabour/workspacePessoal/tese/corpus/machine_learning_tableextraction_paper2/webtablegrnd/html/www2.gol.com.users.isett.stock.pages.philippines.html
10 /home/iamjabour/workspacePessoal/tese/corpus/machine_learning_tableextraction_paper2/webtablegrnd/html/www.cme.com.clearing.doc.pb.lch-xm-results-file-layout.htm
11 /home/iamjabour/workspacePessoal/tese/corpus/machine_learning_tableextraction_paper2/webtablegrnd/html/w.moreover.com.site.about.press.articles.press2.html
12 /home/iamjabour/workspacePessoal/tese/corpus/machine_learning_tableextraction_paper2/webtablegrnd/html/cfa-www.harvard.edu.7Eagoodman.scf.SCF.results.html
13 /home/iamjabour/workspacePessoal/tese/corpus/machine_learning_tableextraction_paper2/webtablegrnd/html/www.nolalive.com.top50stocks.index.html
14 /home/iamjabour/workspacePessoal/tese/corpus/machine_learning_tableextraction_paper2/webtablegrnd/html/www.saleshelp.com.valuereseller.distributor.html
15 /home/iamjabour/workspacePessoal/tese/corpus/machine_learning_tableextraction_paper2/webtablegrnd/html/www.results-net.com.index.html
16 /home/iamjabour/workspacePessoal/tese/corpus/machine_learning_tableextraction_paper2/webtablegrnd/html/www.nashintl.com.flightsch.html
17 /home/iamjabour/workspacePessoal/tese/corpus/machine_learning_tableextraction_paper2/webtablegrnd/html/www.crmdaily.com.perl.story.5431.html
18 /home/iamjabour/workspacePessoal/tese/corpus/machine_learning_tableextraction_paper2/webtablegrnd/html/minneapolisfed.org.research.sr.sr229.html
19 /home/iamjabour/workspacePessoal/tese/corpus/machine_learning_tableextraction_paper2/webtablegrnd/html/www.kiplinger.com.columns.value.index.html
20 /home/iamjabour/workspacePessoal/tese/corpus/machine_learning_tableextraction_paper2/webtablegrnd/html/www.softballplayer.com.CitizensPark.2001Schedule.citizenspark.htm
21 /home/iamjabour/workspacePessoal/tese/corpus/machine_learning_tableextraction_paper2/webtablegrnd/html/www.asiaweek.com.asiaweek.features.asiaweek1000.2000.a1000primer.html
22 /home/iamjabour/workspacePessoal/tese/corpus/machine_learning_tableextraction_paper2/webtablegrnd/html/directory.google.com.Top.Science.Social_Sciences.Ethnic_Studies.Chicano_Studies.index.html
23 /home/iamjabour/workspacePessoal/tese/corpus/machine_learning_tableextraction_paper2/webtablegrnd/html/www.usabasketball.com.Men.boxscore_spain_000905.html
24 /home/iamjabour/workspacePessoal/tese/corpus/machine_learning_tableextraction_paper2/webtablegrnd/html/www.kiplinger.com.tools.college1.html
25 /home/iamjabour/workspacePessoal/tese/corpus/machine_learning_tableextraction_paper2/webtablegrnd/html/www.terryfinn.com.index.html
26 /home/iamjabour/workspacePessoal/tese/corpus/machine_learning_tableextraction_paper2/webtablegrnd/html/www.pressdemocrat.com.business.ncsi.index.html
27 /home/iamjabour/workspacePessoal/tese/corpus/machine_learning_tableextraction_paper2/webtablegrnd/html/www.phlx.com.market.point.html
28 /home/iamjabour/workspacePessoal/tese/corpus/machine_learning_tableextraction_paper2/webtablegrnd/html/directory.google.com.Top.Business.Advertising.Promotional_Items.Business_Items.Corporate_Gifts.index.html
29 /home/iamjabour/workspacePessoal/tese/corpus/machine_learning_tableextraction_paper2/webtablegrnd/html/crash.simplenet.com.shining.index.html
30 /home/iamjabour/workspacePessoal/tese/corpus/machine_learning_tableextraction_paper2/webtablegrnd/html/www.nrel.gov.icap.results.html
31 /home/iamjabour/workspacePessoal/tese/corpus/machine_learning_tableextraction_paper2/webtablegrnd/html/www.csinet.org.thecsishow.program.schedule.htm
32 /home/iamjabour/workspacePessoal/tese/corpus/machine_learning_tableextraction_paper2/webtablegrnd/html/www.dow.com.carpet.lifespan.table.htm
33 /home/iamjabour/workspacePessoal/tese/corpus/machine_learning_tableextraction_paper2/webtablegrnd/html/nationalaccounts.niwi.knaw.nl.table.product1.htm
34 /home/iamjabour/workspacePessoal/tese/corpus/machine_learning_tableextraction_paper2/webtablegrnd/html/www.mottcorp.com.news.news_tss.htm
35 /home/iamjabour/workspacePessoal/tese/corpus/machine_learning_tableextraction_paper2/webtablegrnd/html/directory.google.com.Top.Business.Industries.Security.Investigation.Records_Research.index.html
36 /home/iamjabour/workspacePessoal/tese/corpus/machine_learning_tableextraction_paper2/webtablegrnd/html/www.rpginc.com.research.r001b.htm
37 /home/iamjabour/workspacePessoal/tese/corpus/machine_learning_tableextraction_paper2/webtablegrnd/html/directory.google.com.Top.News.Politics.International_Politics.index.html
38 /home/iamjabour/workspacePessoal/tese/corpus/machine_learning_tableextraction_paper2/webtablegrnd/html/www.ups.com.europe.fi.using.custserv.engdoop.html
39 /home/iamjabour/workspacePessoal/tese/corpus/machine_learning_tableextraction_paper2/webtablegrnd/html/www.tennessean.com.sii.longterm.sports.predsked2000.shtml
40 /home/iamjabour/workspacePessoal/tese/corpus/machine_learning_tableextraction_paper2/webtablegrnd/html/www.dps.state.ny.us.index.html
41 /home/iamjabour/workspacePessoal/tese/corpus/machine_learning_tableextraction_paper2/webtablegrnd/html/www.crmdaily.com.perl.story.7892.html
42 /home/iamjabour/workspacePessoal/tese/corpus/machine_learning_tableextraction_paper2/webtablegrnd/html/www.caracasstock.com.newpage.english.6.htm
43 /home/iamjabour/workspacePessoal/tese/corpus/machine_learning_tableextraction_paper2/webtablegrnd/html/www.panynj.gov.bonds.bondemail.html
44 /home/iamjabour/workspacePessoal/tese/corpus/machine_learning_tableextraction_paper2/webtablegrnd/html/www.freep.com.sports.michstate.tix15_20010315.htm
45 /home/iamjabour/workspacePessoal/tese/corpus/machine_learning_tableextraction_paper2/webtablegrnd/html/www.ecb.int.target.stats.01_table2.htm
46 /home/iamjabour/workspacePessoal/tese/corpus/machine_learning_tableextraction_paper2/webtablegrnd/html/www.prars.com.index.html
47 /home/iamjabour/workspacePessoal/tese/corpus/machine_learning_tableextraction_paper2/webtablegrnd/html/www.rtjgolf.com.grand_score.htm
48 /home/iamjabour/workspacePessoal/tese/corpus/machine_learning_tableextraction_paper2/webtablegrnd/html/www.waterman-steamship.com.export.htm
49 /home/iamjabour/workspacePessoal/tese/corpus/machine_learning_tableextraction_paper2/webtablegrnd/html/www.uk.key-tourist-info.com.weather.index.html
50 /home/iamjabour/workspacePessoal/tese/corpus/machine_learning_tableextraction_paper2/webtablegrnd/html/www.washingtonpost.com.wp-dyn.sports.highschools.results.index.html
51 /home/iamjabour/workspacePessoal/tese/corpus/machine_learning_tableextraction_paper2/webtablegrnd/html/www.lycos.com.wguide.network.net_484514.html
52 /home/iamjabour/workspacePessoal/tese/corpus/machine_learning_tableextraction_paper2/webtablegrnd/html/special.northernlight.com.irl.schedule.htm
53 /home/iamjabour/workspacePessoal/tese/corpus/machine_learning_tableextraction_paper2/webtablegrnd/html/www.rgf.com.Engineering20Data.value_engineering_1.htm
54 /home/iamjabour/workspacePessoal/tese/corpus/machine_learning_tableextraction_paper2/webtablegrnd/html/www.vitesse.com.news.041700.shtml
55 /home/iamjabour/workspacePessoal/tese/corpus/machine_learning_tableextraction_paper2/webtablegrnd/html/construction.about.com.industry.construction.library.weekly.aa082298.htm
56 /home/iamjabour/workspacePessoal/tese/corpus/machine_learning_tableextraction_paper2/webtablegrnd/html/www.coulee.com.ka9fox.scores.shtml
57 /home/iamjabour/workspacePessoal/tese/corpus/machine_learning_tableextraction_paper2/webtablegrnd/html/directory.google.com.Top.Business.Major_Companies.Publicly_Traded.C.index.html
58 /home/iamjabour/workspacePessoal/tese/corpus/machine_learning_tableextraction_paper2/webtablegrnd/html/www.agilent.com.about.newsroom.presrel.2000.31mar2000b.html
59 /home/iamjabour/workspacePessoal/tese/corpus/machine_learning_tableextraction_paper2/webtablegrnd/html/www.ncees.org.professional.principles.html
60 /home/iamjabour/workspacePessoal/tese/corpus/machine_learning_tableextraction_paper2/webtablegrnd/html/www.royalbank.com.rtcap.01funds.01hfund.html
61 /home/iamjabour/workspacePessoal/tese/corpus/machine_learning_tableextraction_paper2/webtablegrnd/html/www.mfdirect.com.eng.about.value.html
62 /home/iamjabour/workspacePessoal/tese/corpus/machine_learning_tableextraction_paper2/webtablegrnd/html/www.cnib.ca.score.score97.40score.index.html
63 /home/iamjabour/workspacePessoal/tese/corpus/machine_learning_tableextraction_paper2/webtablegrnd/html/directory.google.com.Top.News.Media.Journalism.Photojournalism.Agencies.index.html
64 /home/iamjabour/workspacePessoal/tese/corpus/machine_learning_tableextraction_paper2/webtablegrnd/html/directory.google.com.Top.News.Colleges_and_Universities.News_Services.index.html
65 /home/iamjabour/workspacePessoal/tese/corpus/machine_learning_tableextraction_paper2/webtablegrnd/html/directory.google.com.Top.Business.Training_and_Schools.Health_and_Safety.Fire_Sciences.index.html
66 /home/iamjabour/workspacePessoal/tese/corpus/machine_learning_tableextraction_paper2/webtablegrnd/html/www.doxamed.com.Stock.index.html
67 /home/iamjabour/workspacePessoal/tese/corpus/machine_learning_tableextraction_paper2/webtablegrnd/html/www.nmbiz.com.issues.01.Apr.index.html
68 /home/iamjabour/workspacePessoal/tese/corpus/machine_learning_tableextraction_paper2/webtablegrnd/html/www.moduletruck.com.Mechanical.Contents.htm
69 /home/iamjabour/workspacePessoal/tese/corpus/machine_learning_tableextraction_paper2/webtablegrnd/html/directory.google.com.Top.Business.Advertising.Agencies.Branding.index.html
70 /home/iamjabour/workspacePessoal/tese/corpus/machine_learning_tableextraction_paper2/webtablegrnd/html/directory.google.com.Top.Regional.North_America.United_States.Massachusetts.Localities.G.Greenfield.Business_and_Economy.Organizations.index.html
71 /home/iamjabour/workspacePessoal/tese/corpus/machine_learning_tableextraction_paper2/webtablegrnd/html/directory.google.com.Top.Business.Business_Services.Two_Way_Radio.Technical_Resources.Maps.index.html
72 /home/iamjabour/workspacePessoal/tese/corpus/machine_learning_tableextraction_paper2/webtablegrnd/html/detnews.com.2001.politics.0104.05.b04-206613.htm
73 /home/iamjabour/workspacePessoal/tese/corpus/machine_learning_tableextraction_paper2/webtablegrnd/html/directory.google.com.Top.News.Current_Events.Media_and_Free_Speech.Public_Interest.index.html
74 /home/iamjabour/workspacePessoal/tese/corpus/machine_learning_tableextraction_paper2/webtablegrnd/html/www.mmd.admin.state.mn.us.schedule.htm
75 /home/iamjabour/workspacePessoal/tese/corpus/machine_learning_tableextraction_paper2/webtablegrnd/html/www.radio.gov.uk.topics.mpsafety.school-audit.stewres.htm
76 /home/iamjabour/workspacePessoal/tese/corpus/machine_learning_tableextraction_paper2/webtablegrnd/html/www.cato.org.pubs.wtpapers.taxcuts2.html
77 /home/iamjabour/workspacePessoal/tese/corpus/machine_learning_tableextraction_paper2/webtablegrnd/html/www.oliverchronicle.com.oliver.schedule.htm
78 /home/iamjabour/workspacePessoal/tese/corpus/machine_learning_tableextraction_paper2/webtablegrnd/html/www.cc.gatech.edu.gvu.user_surveys.index.html
79 /home/iamjabour/workspacePessoal/tese/corpus/machine_learning_tableextraction_paper2/webtablegrnd/html/www.nfpa.org.education.Professional_Development_and_C.Certification_Programs.CFPS.Exam_Schedule.exam_schedule.html
80 /home/iamjabour/workspacePessoal/tese/corpus/machine_learning_tableextraction_paper2/webtablegrnd/html/cogprints.soton.ac.uk.documents.disk0.00.00.03.66.index.html
81 /home/iamjabour/workspacePessoal/tese/corpus/machine_learning_tableextraction_paper2/webtablegrnd/html/www.myrtlebeachaccess.com.cust.index.html
82 /home/iamjabour/workspacePessoal/tese/corpus/machine_learning_tableextraction_paper2/webtablegrnd/html/www.printmd.com.ccsched.htm
83 /home/iamjabour/workspacePessoal/tese/corpus/machine_learning_tableextraction_paper2/webtablegrnd/html/directory.google.com.Top.Business.Industries.Retail.Companies.index.html
84 /home/iamjabour/workspacePessoal/tese/corpus/machine_learning_tableextraction_paper2/webtablegrnd/html/www.aicpa.org.belt.schfind.htm
85 /home/iamjabour/workspacePessoal/tese/corpus/machine_learning_tableextraction_paper2/webtablegrnd/html/composite.about.com.industry.composite.library.weekly.aa981103.htm
86 /home/iamjabour/workspacePessoal/tese/corpus/machine_learning_tableextraction_paper2/webtablegrnd/html/www.mathworks.com.access.helpdesk.help.toolbox.dspblks.singularvaluedecompositio.shtml
87 /home/iamjabour/workspacePessoal/tese/corpus/machine_learning_tableextraction_paper2/webtablegrnd/html/www.csmonitor.com.atcsmonitor.specials.oly2000.cal.schedule.html
88 /home/iamjabour/workspacePessoal/tese/corpus/machine_learning_tableextraction_paper2/webtablegrnd/html/www.newsfactor.com.perl.story.8694.html
89 /home/iamjabour/workspacePessoal/tese/corpus/machine_learning_tableextraction_paper2/webtablegrnd/html/directory.google.com.Top.News.By_Subject.Information_Technology.Internet.index.html
90 /home/iamjabour/workspacePessoal/tese/corpus/machine_learning_tableextraction_paper2/webtablegrnd/html/archive.sportserver.com.newsroom.sports.oth.1998.oth.mor.feat.archive.022698.mor11636.html
91 /home/iamjabour/workspacePessoal/tese/corpus/machine_learning_tableextraction_paper2/webtablegrnd/html/greenvillenews.com.obits.archives.20010308001616.htm
92 /home/iamjabour/workspacePessoal/tese/corpus/machine_learning_tableextraction_paper2/webtablegrnd/html/www.crmdaily.com.perl.story.5375.html
93 /home/iamjabour/workspacePessoal/tese/corpus/machine_learning_tableextraction_paper2/webtablegrnd/html/www.p-com.com.service.training.schedule.html
94 /home/iamjabour/workspacePessoal/tese/corpus/machine_learning_tableextraction_paper2/webtablegrnd/html/www.uspto.gov.web.offices.ac.qs.ope.1999.fee2000.htm
95 /home/iamjabour/workspacePessoal/tese/corpus/machine_learning_tableextraction_paper2/webtablegrnd/html/www.csfs.ca.pplus.TestExpectedResults.html
96 /home/iamjabour/workspacePessoal/tese/corpus/machine_learning_tableextraction_paper2/webtablegrnd/html/www.naplesnews.com.01.04.bonita.d572592a1.htm
97 /home/iamjabour/workspacePessoal/tese/corpus/machine_learning_tableextraction_paper2/webtablegrnd/html/www.tarik.com.au.wchistory.html
98 /home/iamjabour/workspacePessoal/tese/corpus/machine_learning_tableextraction_paper2/webtablegrnd/html/www.unl.edu.amc.e-exams.e6-amc12.2000stats12.html
99 /home/iamjabour/workspacePessoal/tese/corpus/machine_learning_tableextraction_paper2/webtablegrnd/html/www.defenselink.mil.news.Jun1997.b06051997_bt286-97.html
0 (0.0, 0.0)
